May 17 12:46:07 Shakers-MacBook-Air com.apple.CoreSimulator.simctl[16989] <Error>: Unable to deliver request ({
	    "developer_dir" = "/Applications/Xcode.app/Contents/Developer";
	    request = "set_developer_dir";
	}) because we are not connected to CoreSimulatorService.
May 17 12:46:07 Shakers-MacBook-Air com.apple.CoreSimulator.simctl[16989] <Notice>: shakerhd subdirectory of /Users/shakerhd/Library/Developer/CoreSimulator/Profiles now exists, but it is not readable.
May 17 12:46:07 Shakers-MacBook-Air com.apple.CoreSimulator.simctl[16989] <Warning>: Unable to discover any Simulator runtimes. Developer Directory is /Applications/Xcode.app/Contents/Developer.
May 17 12:46:07 Shakers-MacBook-Air com.apple.CoreSimulator.simctl[16989] <Error>: Could not kickstart simdiskimaged; SimDiskImageManager services will not be available: Error Domain=NSPOSIXErrorDomain Code=53 "Software caused connection abort" UserInfo={NSLocalizedDescription=Error returned in reply from CoreSimulatorService: Connection invalid}
May 17 12:46:07 Shakers-MacBook-Air com.apple.CoreSimulator.simctl[16989] <Error>: simdiskimaged returned error (invalid), marking disconnected.
May 17 12:46:07 Shakers-MacBook-Air com.apple.CoreSimulator.simctl[16989] <Error>: simdiskimaged returned error (invalid), marking disconnected.
May 17 12:46:07 Shakers-MacBook-Air com.apple.CoreSimulator.simctl[16989] <Error>: Could not get list of trusted mount directories: Error Domain=com.apple.CoreSimulator.SimError Code=410 "The service used to manage runtime disk images (simdiskimaged) crashed or is not responding" UserInfo={NSLocalizedDescription=The service used to manage runtime disk images (simdiskimaged) crashed or is not responding}
May 17 12:46:07 Shakers-MacBook-Air com.apple.CoreSimulator.simctl[16989] <Error>: Unable to deliver request ({
	    request = "notification_subscription";
	    "set_path" = "/Users/shakerhd/Library/Developer/CoreSimulator/Devices";
	}) because we are not connected to CoreSimulatorService.
May 17 12:46:36 Shakers-MacBook-Air com.apple.CoreSimulator.simctl[19105] <Error>: Unable to deliver request ({
	    "developer_dir" = "/Applications/Xcode.app/Contents/Developer";
	    request = "set_developer_dir";
	}) because we are not connected to CoreSimulatorService.
May 17 12:46:36 Shakers-MacBook-Air com.apple.CoreSimulator.simctl[19105] <Notice>: shakerhd subdirectory of /Users/shakerhd/Library/Developer/CoreSimulator/Profiles now exists, but it is not readable.
May 17 12:46:36 Shakers-MacBook-Air com.apple.CoreSimulator.simctl[19105] <Warning>: Unable to discover any Simulator runtimes. Developer Directory is /Applications/Xcode.app/Contents/Developer.
May 17 12:46:36 Shakers-MacBook-Air com.apple.CoreSimulator.simctl[19105] <Error>: Could not kickstart simdiskimaged; SimDiskImageManager services will not be available: Error Domain=NSPOSIXErrorDomain Code=53 "Software caused connection abort" UserInfo={NSLocalizedDescription=Error returned in reply from CoreSimulatorService: Connection invalid}
May 17 12:46:36 Shakers-MacBook-Air com.apple.CoreSimulator.simctl[19105] <Error>: simdiskimaged returned error (invalid), marking disconnected.
May 17 12:46:36 Shakers-MacBook-Air com.apple.CoreSimulator.simctl[19105] <Error>: simdiskimaged returned error (invalid), marking disconnected.
May 17 12:46:36 Shakers-MacBook-Air com.apple.CoreSimulator.simctl[19105] <Error>: Could not get list of trusted mount directories: Error Domain=com.apple.CoreSimulator.SimError Code=410 "The service used to manage runtime disk images (simdiskimaged) crashed or is not responding" UserInfo={NSLocalizedDescription=The service used to manage runtime disk images (simdiskimaged) crashed or is not responding}
May 17 12:46:36 Shakers-MacBook-Air com.apple.CoreSimulator.simctl[19105] <Error>: Unable to deliver request ({
	    request = "notification_subscription";
	    "set_path" = "/Users/shakerhd/Library/Developer/CoreSimulator/Devices";
	}) because we are not connected to CoreSimulatorService.
May 17 12:52:34 Shakers-MacBook-Air com.apple.CoreSimulator.simctl[30327] <Error>: Unable to deliver request ({
	    "developer_dir" = "/Applications/Xcode.app/Contents/Developer";
	    request = "set_developer_dir";
	}) because we are not connected to CoreSimulatorService.
May 17 12:52:34 Shakers-MacBook-Air com.apple.CoreSimulator.simctl[30327] <Notice>: shakerhd subdirectory of /Users/shakerhd/Library/Developer/CoreSimulator/Profiles now exists, but it is not readable.
May 17 12:52:34 Shakers-MacBook-Air com.apple.CoreSimulator.simctl[30327] <Warning>: Unable to discover any Simulator runtimes. Developer Directory is /Applications/Xcode.app/Contents/Developer.
May 17 12:52:34 Shakers-MacBook-Air com.apple.CoreSimulator.simctl[30327] <Error>: Could not kickstart simdiskimaged; SimDiskImageManager services will not be available: Error Domain=NSPOSIXErrorDomain Code=53 "Software caused connection abort" UserInfo={NSLocalizedDescription=Error returned in reply from CoreSimulatorService: Connection invalid}
May 17 12:52:34 Shakers-MacBook-Air com.apple.CoreSimulator.simctl[30327] <Error>: simdiskimaged returned error (invalid), marking disconnected.
May 17 12:52:34 Shakers-MacBook-Air com.apple.CoreSimulator.simctl[30327] <Error>: simdiskimaged returned error (invalid), marking disconnected.
May 17 12:52:34 Shakers-MacBook-Air com.apple.CoreSimulator.simctl[30327] <Error>: Could not get list of trusted mount directories: Error Domain=com.apple.CoreSimulator.SimError Code=410 "The service used to manage runtime disk images (simdiskimaged) crashed or is not responding" UserInfo={NSLocalizedDescription=The service used to manage runtime disk images (simdiskimaged) crashed or is not responding}
May 17 12:52:34 Shakers-MacBook-Air com.apple.CoreSimulator.simctl[30327] <Error>: Unable to deliver request ({
	    request = "notification_subscription";
	    "set_path" = "/Users/shakerhd/Library/Developer/CoreSimulator/Devices";
	}) because we are not connected to CoreSimulatorService.
